<testsuites>
	<testsuite name="AllTests" tests="5">
		<testcase classname="AllTests" name="test_dijkstra"/>
		<testcase classname="AllTests" name="test_performance_dijkstra"/>
		<testcase classname="AllTests" name="test_bellmanFord">
			<failure message="..\src\Test.cpp:97 checkAllPaths: expected == ss.str() expected:	1&lt;-3|2&lt;-1|3&lt;-|4&lt;-2|5&lt;-4|6&lt;-3|7&lt;-5|	but was:	1&lt;-|2&lt;-|3&lt;-|4&lt;-|5&lt;-|6&lt;-|7&lt;-|	">
checkAllPaths: expected == ss.str() expected:	1&lt;-3|2&lt;-1|3&lt;-|4&lt;-2|5&lt;-4|6&lt;-3|7&lt;-5|	but was:	1&lt;-|2&lt;-|3&lt;-|4&lt;-|5&lt;-|6&lt;-|7&lt;-|	
			</failure>
		</testcase>
		<testcase classname="AllTests" name="test_unweightedShortestPath">
			<failure message="..\src\Test.cpp:97 checkAllPaths: expected == ss.str() expected:	1&lt;-3|2&lt;-1|3&lt;-|4&lt;-1|5&lt;-2|6&lt;-3|7&lt;-4|	but was:	1&lt;-|2&lt;-|3&lt;-|4&lt;-|5&lt;-|6&lt;-|7&lt;-|	">
checkAllPaths: expected == ss.str() expected:	1&lt;-3|2&lt;-1|3&lt;-|4&lt;-1|5&lt;-2|6&lt;-3|7&lt;-4|	but was:	1&lt;-|2&lt;-|3&lt;-|4&lt;-|5&lt;-|6&lt;-|7&lt;-|	
			</failure>
		</testcase>
		<testcase classname="AllTests" name="test_floydWarshall">
			<failure message="..\src\Test.cpp:84 checkSinglePath: expected == ss.str() expected:	1 2 4 5 7 	but was:		">
checkSinglePath: expected == ss.str() expected:	1 2 4 5 7 	but was:		
			</failure>
		</testcase>
	</testsuite>
</testsuites>
